<?xml version="1.0" encoding="UTF-8"?>
<testng-results ignored="0" total="1" passed="1" failed="0" skipped="0">
  <reporter-output>
  </reporter-output>
  <suite started-at="2019-05-06T12:16:06Z" name="Default suite" finished-at="2019-05-06T12:16:16Z" duration-ms="10678">
    <groups>
    </groups>
    <test started-at="2019-05-06T12:16:06Z" name="Default test" finished-at="2019-05-06T12:16:16Z" duration-ms="10678">
      <class name="Demolink.Demo.NewTest">
        <test-method is-config="true" signature="beforeTest()[pri:0, instance:Demolink.Demo.NewTest@2893de87]" started-at="2019-05-06T12:16:06Z" name="beforeTest" finished-at="2019-05-06T12:16:09Z" duration-ms="3514" status="PASS">
          <reporter-output>
          </reporter-output>
        </test-method> <!-- beforeTest -->
        <test-method signature="f()[pri:0, instance:Demolink.Demo.NewTest@2893de87]" started-at="2019-05-06T12:16:09Z" name="f" finished-at="2019-05-06T12:16:09Z" duration-ms="5" status="PASS">
          <reporter-output>
          </reporter-output>
        </test-method> <!-- f -->
        <test-method is-config="true" signature="afterTest()[pri:0, instance:Demolink.Demo.NewTest@2893de87]" started-at="2019-05-06T12:16:09Z" name="afterTest" finished-at="2019-05-06T12:16:16Z" duration-ms="7144" status="PASS">
          <reporter-output>
          </reporter-output>
        </test-method> <!-- afterTest -->
      </class> <!-- Demolink.Demo.NewTest -->
    </test> <!-- Default test -->
  </suite> <!-- Default suite -->
</testng-results>
